Iter Time Cost State_0
0 85.43177056312561 -0.2374390949915833 -0.2374390949915833
1 169.24158668518066 0.06195410389581837 0.06195410389581837
2 256.2653651237488 -1.7565466427248142 -1.7565466427248142
3 341.70862078666687 0.44099475195503984 0.44099475195503984
4 427.1453421115875 -2.4692497658218926 -2.4692497658218926
5 512.568220615387 -2.674015599220052 -2.674015599220052
6 599.6189284324646 0.8145699372917371 0.8145699372917371
7 686.6521990299225 -3.575877041667323 -3.575877041667323
8 772.0847747325897 -4.628861075455657 -4.628861075455657
9 857.4914646148682 -9.416897203785348 -9.416897203785348
10 942.9850046634674 -8.640215166070647 -8.640215166070647
11 1028.465585231781 -7.673210042968661 -7.673210042968661
12 1113.8799984455109 -7.174422725495193 -7.174422725495193
13 1199.1643452644348 -4.570028125814681 -4.570028125814681
14 1284.4286074638367 -8.91319643447351 -8.91319643447351
15 1369.6995725631714 -3.2401558186779367 -3.2401558186779367
16 1454.9877753257751 -9.597223894922703 -9.597223894922703
17 1540.284434080124 -11.574414693345792 -11.574414693345792
18 1625.5259263515472 -11.899577882358935 -11.899577882358935
19 1710.7553107738495 -12.601512227711124 -12.601512227711124
20 1796.0386519432068 -12.587666969504783 -12.587666969504783
21 1881.2893657684326 -12.733996820448047 -12.733996820448047
22 1966.5791127681732 -12.84502052692282 -12.84502052692282
23 2051.8390254974365 -12.903115221129143 -12.903115221129143
24 2135.4999721050262 -12.887852062359155 -12.887852062359155
25 2220.7283940315247 -12.913785974474363 -12.913785974474363
26 2305.99423623085 -12.908979436373102 -12.908979436373102
27 2391.238918066025 -12.91625728673312 -12.91625728673312
28 2476.4806582927704 -12.924931818793658 -12.924931818793658
29 2561.720381498337 -12.926790322789639 -12.926790322789639
30 2645.33469748497 -12.929109448699649 -12.929109448699649
31 2728.9930176734924 -12.929397648698457 -12.929397648698457
32 2814.1819031238556 -12.930191930020863 -12.930191930020863
33 2897.8471891880035 -12.930972926998017 -12.930972926998017
34 2981.506650686264 -12.931267709532051 -12.931267709532051
35 3065.1766872406006 -12.931875282154113 -12.931875282154113
36 3148.837136030197 -12.932601414498164 -12.932601414498164
37 3232.4922976493835 -12.933531784764359 -12.933531784764359
38 3316.1185615062714 -12.908366290308836 -12.908366290308836
39 3401.359722852707 -9.629412013022945 -9.629412013022945
40 3486.5759043693542 -12.938629591825034 -12.938629591825034
41 3570.256415128708 -12.943201499661692 -12.943201499661692
42 3653.9396471977234 -12.947181650743845 -12.947181650743845
43 3737.6103298664093 -12.942804747437659 -12.942804747437659
44 3822.908837556839 -12.951886260456268 -12.951886260456268
45 3908.1755397319794 -12.974493428432432 -12.974493428432432
46 3991.8931062221527 -12.965039297410407 -12.965039297410407
47 4077.160415649414 -12.988223426134029 -12.988223426134029
48 4160.80393743515 -12.99675221774697 -12.99675221774697
49 4244.502267599106 -13.007229494692421 -13.007229494692421
50 4328.147068023682 -13.01313077251119 -13.01313077251119
51 4411.814747571945 -13.01686327609355 -13.01686327609355
52 4495.469791173935 -13.020292030972117 -13.020292030972117
53 4579.158002138138 -13.023452644935423 -13.023452644935423
54 4662.822222948074 -13.023617208330283 -13.023617208330283
55 4748.049574613571 -13.031236046621258 -13.031236046621258
56 4831.694051504135 -13.032234714989807 -13.032234714989807
57 4915.367584228516 -13.035874218072959 -13.035874218072959
58 4998.843150138855 -13.037882482224044 -13.037882482224044
59 5082.361742019653 -13.040040037350362 -13.040040037350362
60 5165.904337644577 -13.041737394784601 -13.041737394784601
61 5249.4748702049255 -13.043212386802136 -13.043212386802136
62 5332.97855257988 -13.044056007596573 -13.044056007596573
63 5416.522795915604 -13.045124712359671 -13.045124712359671
64 5500.057718992233 -13.04554068702465 -13.04554068702465
65 5583.642476081848 -13.045826731815863 -13.045826731815863
66 5667.144185304642 -13.046293562861376 -13.046293562861376
67 5750.668614864349 -13.046572798409155 -13.046572798409155
68 5834.212970256805 -13.046828533681037 -13.046828533681037
69 5917.734154701233 -13.047062907669773 -13.047062907669773
70 6001.2283573150635 -13.04747643649908 -13.04747643649908
71 6084.751516819 -13.048249611253947 -13.048249611253947
72 6168.328135728836 -13.049143070134505 -13.049143070134505
73 6251.856330394745 -13.05049875028894 -13.05049875028894
74 6335.363499403 -13.0514856405035 -13.0514856405035
75 6418.902467012405 -13.051392056634045 -13.051392056634045
76 6504.03066110611 -13.052570420409843 -13.052570420409843
77 6587.523798704147 -13.053259018661997 -13.053259018661997
78 6671.0706198215485 -13.053795927291816 -13.053795927291816
79 6754.604607582092 -13.054543599903331 -13.054543599903331
80 6838.116193532944 -13.054855046167894 -13.054855046167894
81 6921.6325776577 -13.055037932721763 -13.055037932721763
82 7005.136646032333 -13.055117111101126 -13.055117111101126
83 7088.673821687698 -13.055201079778646 -13.055201079778646
84 7172.172580957413 -13.05530905715653 -13.05530905715653
85 7255.69419503212 -13.055360951574603 -13.055360951574603
86 7339.233824014664 -13.055416954274387 -13.055416954274387
87 7422.792131662369 -13.055460099942795 -13.055460099942795
88 7506.3047115802765 -13.055504836952386 -13.055504836952386
89 7592.280837059021 -13.05555132508401 -13.05555132508401
90 7682.267167568207 -13.055601743197016 -13.055601743197016
91 7772.288085222244 -13.055648781879398 -13.055648781879398
92 7862.23037981987 -13.055678545265025 -13.055678545265025
93 7952.195745706558 -13.055695656023564 -13.055695656023564
94 8042.194437265396 -13.055712033938661 -13.055712033938661
95 8132.188184261322 -13.055732957716522 -13.055732957716522
96 8222.17815542221 -13.055748828737157 -13.055748828737157
97 8312.133387088776 -13.05575574236476 -13.05575574236476
98 8402.105583190918 -13.055758468481326 -13.055758468481326
99 8492.085653066635 -13.055761885444186 -13.055761885444186
100 8582.09836101532 -13.055765804158673 -13.055765804158673
101 8672.060907840729 -13.055770507888122 -13.055770507888122
102 8762.035484075546 -13.055777062163237 -13.055777062163237
103 8851.99829173088 -13.055788740891309 -13.055788740891309
104 8941.99261021614 -13.055810992189883 -13.055810992189883
105 9032.018896818161 -13.055846665078018 -13.055846665078018
106 9122.06939125061 -13.055889404378107 -13.055889404378107
107 9212.066227674484 -13.055922923545092 -13.055922923545092
108 9302.006845712662 -13.055935276268968 -13.055935276268968
109 9392.020598173141 -13.055942333253306 -13.055942333253306
110 9482.051272630692 -13.055946579702228 -13.055946579702228
111 9572.083065032959 -13.055948034340124 -13.055948034340124
112 9660.37748837471 -13.055948034340124 -13.055948034340124